Using pre-set license
Built from '2020.3/staging' branch; Version is '2020.3.26f1 (7298b473bc1a) revision 7510196'; Using compiler version '192528614'; Build Type 'Release'
OS: 'Windows 11  (10.0.22621) 64bit Core' Language: 'en' Physical Memory: 16158 MB
BatchMode: 1, IsHumanControllingUs: 0, StartBugReporterOnCrash: 0, Is64bit: 1, IsPro: 0

COMMAND LINE ARGUMENTS:
C:\Program Files\Unity\Hub\Editor\2020.3.26f1\Editor\Unity.exe
-adb2
-batchMode
-noUpm
-name
AssetImportWorker0
-projectPath
D:/Intermediate Computer Graphics/DM_100654063_FinalExam/DilanMian100654063FinalExam
-logFile
Logs/AssetImportWorker0.log
-srvPort
54796
Successfully changed project path to: D:/Intermediate Computer Graphics/DM_100654063_FinalExam/DilanMian100654063FinalExam
D:/Intermediate Computer Graphics/DM_100654063_FinalExam/DilanMian100654063FinalExam
Using Asset Import Pipeline V2.
Refreshing native plugins compatible for Editor in 28.78 ms, found 2 plugins.
Preloading 0 native plugins for Editor in 0.00 ms.
Initialize engine version: 2020.3.26f1 (7298b473bc1a)
[Subsystems] Discovering subsystems at path C:/Program Files/Unity/Hub/Editor/2020.3.26f1/Editor/Data/Resources/UnitySubsystems
[Subsystems] Discovering subsystems at path D:/Intermediate Computer Graphics/DM_100654063_FinalExam/DilanMian100654063FinalExam/Assets
GfxDevice: creating device client; threaded=0
Direct3D:
    Version:  Direct3D 11.0 [level 11.1]
    Renderer: NVIDIA GeForce RTX 3060 Laptop GPU (ID=0x2520)
    Vendor:   
    VRAM:     6023 MB
    Driver:   30.0.15.1272
Initialize mono
Mono path[0] = 'C:/Program Files/Unity/Hub/Editor/2020.3.26f1/Editor/Data/Managed'
Mono path[1] = 'C:/Program Files/Unity/Hub/Editor/2020.3.26f1/Editor/Data/MonoBleedingEdge/lib/mono/unityjit'
Mono config path = 'C:/Program Files/Unity/Hub/Editor/2020.3.26f1/Editor/Data/MonoBleedingEdge/etc'
Using monoOptions --debugger-agent=transport=dt_socket,embedding=1,server=y,suspend=n,address=127.0.0.1:56264
Begin MonoManager ReloadAssembly
Registering precompiled unity dll's ...
Register platform support module: C:/Program Files/Unity/Hub/Editor/2020.3.26f1/Editor/Data/PlaybackEngines/WebGLSupport/UnityEditor.WebGL.Extensions.dll
Register platform support module: C:/Program Files/Unity/Hub/Editor/2020.3.26f1/Editor/Data/PlaybackEngines/WindowsStandaloneSupport/UnityEditor.WindowsStandalone.Extensions.dll
Registered in 0.001752 seconds.
Native extension for WindowsStandalone target not found
Native extension for WebGL target not found
Refreshing native plugins compatible for Editor in 24.84 ms, found 2 plugins.
Preloading 0 native plugins for Editor in 0.00 ms.
Mono: successfully reloaded assembly
- Completed reload, in  0.510 seconds
Domain Reload Profiling:
	ReloadAssembly (510ms)
		BeginReloadAssembly (45ms)
			ExecutionOrderSort (0ms)
			DisableScriptedObjects (0ms)
			BackupInstance (0ms)
			ReleaseScriptingObjects (0ms)
			CreateAndSetChildDomain (1ms)
		EndReloadAssembly (399ms)
			LoadAssemblies (44ms)
			RebuildTransferFunctionScriptingTraits (0ms)
			SetupTypeCache (145ms)
			ReleaseScriptCaches (0ms)
			RebuildScriptCaches (26ms)
			SetupLoadedEditorAssemblies (137ms)
				LogAssemblyErrors (0ms)
				InitializePlatformSupportModulesInManaged (5ms)
				SetLoadedEditorAssemblies (0ms)
				RefreshPlugins (25ms)
				BeforeProcessingInitializeOnLoad (14ms)
				ProcessInitializeOnLoadAttributes (70ms)
				ProcessInitializeOnLoadMethodAttributes (23ms)
				AfterProcessingInitializeOnLoad (0ms)
				EditorAssembliesLoaded (0ms)
			ExecutionOrderSort2 (0ms)
			AwakeInstancesAfterBackupRestoration (0ms)
Platform modules already initialized, skipping
Registering precompiled user dll's ...
Registered in 0.003099 seconds.
Begin MonoManager ReloadAssembly
Native extension for WindowsStandalone target not found
Native extension for WebGL target not found
Refreshing native plugins compatible for Editor in 0.47 ms, found 2 plugins.
Preloading 0 native plugins for Editor in 0.00 ms.
Mono: successfully reloaded assembly
- Completed reload, in  0.865 seconds
Domain Reload Profiling:
	ReloadAssembly (866ms)
		BeginReloadAssembly (118ms)
			ExecutionOrderSort (0ms)
			DisableScriptedObjects (4ms)
			BackupInstance (0ms)
			ReleaseScriptingObjects (0ms)
			CreateAndSetChildDomain (16ms)
		EndReloadAssembly (694ms)
			LoadAssemblies (66ms)
			RebuildTransferFunctionScriptingTraits (0ms)
			SetupTypeCache (244ms)
			ReleaseScriptCaches (0ms)
			RebuildScriptCaches (36ms)
			SetupLoadedEditorAssemblies (262ms)
				LogAssemblyErrors (0ms)
				InitializePlatformSupportModulesInManaged (6ms)
				SetLoadedEditorAssemblies (1ms)
				RefreshPlugins (1ms)
				BeforeProcessingInitializeOnLoad (66ms)
				ProcessInitializeOnLoadAttributes (175ms)
				ProcessInitializeOnLoadMethodAttributes (9ms)
				AfterProcessingInitializeOnLoad (5ms)
				EditorAssembliesLoaded (0ms)
			ExecutionOrderSort2 (0ms)
			AwakeInstancesAfterBackupRestoration (5ms)
Platform modules already initialized, skipping
========================================================================
Worker process is ready to serve import requests
Launched and connected shader compiler UnityShaderCompiler.exe after 0.04 seconds
Refreshing native plugins compatible for Editor in 0.31 ms, found 2 plugins.
Preloading 0 native plugins for Editor in 0.00 ms.
Unloading 1503 Unused Serialized files (Serialized files now loaded: 0)
System memory in use before: 68.0 MB.
System memory in use after: 68.0 MB.

Unloading 19 unused Assets to reduce memory usage. Loaded Objects now: 1935.
Total: 3.209600 ms (FindLiveObjects: 0.256300 ms CreateObjectMapping: 0.304200 ms MarkObjects: 2.541000 ms  DeleteObjects: 0.107100 ms)

AssetImportParameters requested are different than current active one (requested -> active):
  custom:framework-win-MediaFoundation: 216162199b28c13a410421893ffa2e32 -> 
  custom:video-decoder-ogg-theora: a1e56fd34408186e4bbccfd4996cb3dc -> 
  custom:container-muxer-webm: aa71ff27fc2769a1b78a27578f13a17b -> 
  custom:container-demuxer-webm: 4f35f7cbe854078d1ac9338744f61a02 -> 
  custom:container-demuxer-ogg: 62fdf1f143b41e24485cea50d1cbac27 -> 
  custom:video-encoder-webm-vp8: eb34c28f22e8b96e1ab97ce403110664 -> 
  custom:video-codec-MediaFoundation-h265: 746d11721c4dcdbdad8f713fa42b33f4 -> 
  custom:video-decoder-webm-vp8: 9c59270c3fd7afecdb556c50c9e8de78 -> 
  custom:audio-decoder-ogg-vorbis: bf7c407c2cedff20999df2af8eb42d56 -> 
  custom:audio-encoder-webm-vorbis: bf7c407c2cedff20999df2af8eb42d56 -> 
========================================================================
Received Import Request.
  path: Assets
  artifactKey: Guid(00000000000000001000000000000000) Importer(815301076,1909f56bfc062723c751e8b465ee728b)
Start importing Assets using Guid(00000000000000001000000000000000) Importer(815301076,1909f56bfc062723c751e8b465ee728b)  -> (artifact id: '42d402b061de3733987d63b9cc3b64de') in 0.008410 seconds 
  Import took 0.010578 seconds .

========================================================================
Received Import Request.
  Time since last request: 2.590118 seconds.
  path: Assets/Shaders
  artifactKey: Guid(5fadf092d04d2a84aaa2afc5ef184e5b) Importer(815301076,1909f56bfc062723c751e8b465ee728b)
Start importing Assets/Shaders using Guid(5fadf092d04d2a84aaa2afc5ef184e5b) Importer(815301076,1909f56bfc062723c751e8b465ee728b)  -> (artifact id: '59dc68dc535156a1f69c2e3a6d840e1f') in 0.007177 seconds 
  Import took 0.011597 seconds .

========================================================================
Received Import Request.
  Time since last request: 8.082592 seconds.
  path: Assets/LUTs
  artifactKey: Guid(d755a78fda80a23498126c3fa5aa21eb) Importer(815301076,1909f56bfc062723c751e8b465ee728b)
Start importing Assets/LUTs using Guid(d755a78fda80a23498126c3fa5aa21eb) Importer(815301076,1909f56bfc062723c751e8b465ee728b)  -> (artifact id: 'db244de12626550dc03a8227134a2238') in 0.007709 seconds 
  Import took 0.010852 seconds .

========================================================================
Received Import Request.
  Time since last request: 14.362353 seconds.
  path: Assets/LUTs/WarmLUT.png
  artifactKey: Guid(2371b577d433afd49bc507acf4dd6ac0) Importer(815301076,1909f56bfc062723c751e8b465ee728b)
Start importing Assets/LUTs/WarmLUT.png using Guid(2371b577d433afd49bc507acf4dd6ac0) Importer(815301076,1909f56bfc062723c751e8b465ee728b)  -> (artifact id: 'e203d81d9e191c1d3a0fda07fbb8f159') in 0.104129 seconds 
  Import took 0.106938 seconds .

========================================================================
Received Import Request.
  Time since last request: 0.000315 seconds.
  path: Assets/LUTs/coolLUTFilter.png
  artifactKey: Guid(071f02dcc83ded14da1202933f04c709) Importer(815301076,1909f56bfc062723c751e8b465ee728b)
Start importing Assets/LUTs/coolLUTFilter.png using Guid(071f02dcc83ded14da1202933f04c709) Importer(815301076,1909f56bfc062723c751e8b465ee728b)  -> (artifact id: 'dc9ab8bb6ab167d9b5b046322149ea00') in 0.024324 seconds 
  Import took 0.027404 seconds .

========================================================================
Received Import Request.
  Time since last request: 0.000335 seconds.
  path: Assets/LUTs/CUSTOMLUTGanymede.png
  artifactKey: Guid(8926052ac8adf604d93ef3908ec89470) Importer(815301076,1909f56bfc062723c751e8b465ee728b)
Start importing Assets/LUTs/CUSTOMLUTGanymede.png using Guid(8926052ac8adf604d93ef3908ec89470) Importer(815301076,1909f56bfc062723c751e8b465ee728b)  -> (artifact id: '963c98a7a7c60c5877963f8484bad088') in 0.018847 seconds 
  Import took 0.022860 seconds .

========================================================================
Received Import Request.
  Time since last request: 0.000490 seconds.
  path: Assets/LUTs/LUTtoImport.png
  artifactKey: Guid(dc7a529b96ea5964c9c6f9b1287672c8) Importer(815301076,1909f56bfc062723c751e8b465ee728b)
Start importing Assets/LUTs/LUTtoImport.png using Guid(dc7a529b96ea5964c9c6f9b1287672c8) Importer(815301076,1909f56bfc062723c751e8b465ee728b)  -> (artifact id: 'fd8146724d7693cee683280de26de596') in 0.024247 seconds 
  Import took 0.027047 seconds .

========================================================================
Received Import Request.
  Time since last request: 0.000208 seconds.
  path: Assets/LUTs/LUTMat.mat
  artifactKey: Guid(60fa691c5422c804c88acbab3eb02bc9) Importer(815301076,1909f56bfc062723c751e8b465ee728b)
Start importing Assets/LUTs/LUTMat.mat using Guid(60fa691c5422c804c88acbab3eb02bc9) Importer(815301076,1909f56bfc062723c751e8b465ee728b)  -> (artifact id: '38b7e0aadc83a37418a774cc63c0219b') in 0.113370 seconds 
  Import took 0.115938 seconds .

========================================================================
Received Prepare
Registering precompiled user dll's ...
Registered in 0.002909 seconds.
Begin MonoManager ReloadAssembly
Native extension for WindowsStandalone target not found
Native extension for WebGL target not found
Refreshing native plugins compatible for Editor in 0.29 ms, found 2 plugins.
Preloading 0 native plugins for Editor in 0.00 ms.
Mono: successfully reloaded assembly
- Completed reload, in  0.818 seconds
Domain Reload Profiling:
	ReloadAssembly (819ms)
		BeginReloadAssembly (94ms)
			ExecutionOrderSort (0ms)
			DisableScriptedObjects (3ms)
			BackupInstance (0ms)
			ReleaseScriptingObjects (0ms)
			CreateAndSetChildDomain (27ms)
		EndReloadAssembly (672ms)
			LoadAssemblies (68ms)
			RebuildTransferFunctionScriptingTraits (0ms)
			SetupTypeCache (247ms)
			ReleaseScriptCaches (1ms)
			RebuildScriptCaches (36ms)
			SetupLoadedEditorAssemblies (233ms)
				LogAssemblyErrors (0ms)
				InitializePlatformSupportModulesInManaged (4ms)
				SetLoadedEditorAssemblies (0ms)
				RefreshPlugins (0ms)
				BeforeProcessingInitializeOnLoad (59ms)
				ProcessInitializeOnLoadAttributes (157ms)
				ProcessInitializeOnLoadMethodAttributes (7ms)
				AfterProcessingInitializeOnLoad (5ms)
				EditorAssembliesLoaded (0ms)
			ExecutionOrderSort2 (0ms)
			AwakeInstancesAfterBackupRestoration (6ms)
Platform modules already initialized, skipping
Refreshing native plugins compatible for Editor in 0.28 ms, found 2 plugins.
Preloading 0 native plugins for Editor in 0.00 ms.
Unloading 1500 Unused Serialized files (Serialized files now loaded: 0)
System memory in use before: 71.5 MB.
System memory in use after: 71.6 MB.

Unloading 15 unused Assets to reduce memory usage. Loaded Objects now: 1981.
Total: 2.261700 ms (FindLiveObjects: 0.114500 ms CreateObjectMapping: 0.042500 ms MarkObjects: 2.048700 ms  DeleteObjects: 0.055100 ms)

AssetImportParameters requested are different than current active one (requested -> active):
  custom:framework-win-MediaFoundation: 216162199b28c13a410421893ffa2e32 -> 
  custom:video-decoder-ogg-theora: a1e56fd34408186e4bbccfd4996cb3dc -> 
  custom:container-muxer-webm: aa71ff27fc2769a1b78a27578f13a17b -> 
  custom:container-demuxer-webm: 4f35f7cbe854078d1ac9338744f61a02 -> 
  custom:container-demuxer-ogg: 62fdf1f143b41e24485cea50d1cbac27 -> 
  custom:video-encoder-webm-vp8: eb34c28f22e8b96e1ab97ce403110664 -> 
  custom:video-codec-MediaFoundation-h265: 746d11721c4dcdbdad8f713fa42b33f4 -> 
  custom:video-decoder-webm-vp8: 9c59270c3fd7afecdb556c50c9e8de78 -> 
  custom:audio-decoder-ogg-vorbis: bf7c407c2cedff20999df2af8eb42d56 -> 
  custom:audio-encoder-webm-vorbis: bf7c407c2cedff20999df2af8eb42d56 -> 
========================================================================
Received Import Request.
  Time since last request: 34.903874 seconds.
  path: Assets/Shaders/WorldPos.shader
  artifactKey: Guid(cc99c6870bb883d4589c49ecdad5cd1a) Importer(815301076,1909f56bfc062723c751e8b465ee728b)
Start importing Assets/Shaders/WorldPos.shader using Guid(cc99c6870bb883d4589c49ecdad5cd1a) Importer(815301076,1909f56bfc062723c751e8b465ee728b)  -> (artifact id: 'd7313524bee14d6e8f8dc947d0ad508c') in 0.025022 seconds 
  Import took 0.028877 seconds .

========================================================================
Received Import Request.
  Time since last request: 0.939159 seconds.
  path: Assets/Shaders/SimpleSp.mat
  artifactKey: Guid(44b5d164e75cd9048a9d7124537e0433) Importer(815301076,1909f56bfc062723c751e8b465ee728b)
Start importing Assets/Shaders/SimpleSp.mat using Guid(44b5d164e75cd9048a9d7124537e0433) Importer(815301076,1909f56bfc062723c751e8b465ee728b)  -> (artifact id: 'cb7fe4c1c78eb82896ccb28935dbd76e') in 0.094582 seconds 
  Import took 0.097404 seconds .

========================================================================
Received Import Request.
  Time since last request: 0.000274 seconds.
  path: Assets/Shaders/Stylized_Stone_Floor_005_normal.jpg
  artifactKey: Guid(9fd7110160e23554a9d10dc7748ce5e8) Importer(815301076,1909f56bfc062723c751e8b465ee728b)
Start importing Assets/Shaders/Stylized_Stone_Floor_005_normal.jpg using Guid(9fd7110160e23554a9d10dc7748ce5e8) Importer(815301076,1909f56bfc062723c751e8b465ee728b)  -> (artifact id: 'fa71a356ad8155aef448c144745c5310') in 0.049162 seconds 
  Import took 0.051368 seconds .

========================================================================
Received Import Request.
  Time since last request: 0.000214 seconds.
  path: Assets/Shaders/WaterClassShader.mat
  artifactKey: Guid(e0a691cbee9e58141819c5ea2b0e0a8a) Importer(815301076,1909f56bfc062723c751e8b465ee728b)
Start importing Assets/Shaders/WaterClassShader.mat using Guid(e0a691cbee9e58141819c5ea2b0e0a8a) Importer(815301076,1909f56bfc062723c751e8b465ee728b)  -> (artifact id: 'f43a74ac6e05968d0b5bc496e12922ee') in 0.012131 seconds 
  Import took 0.014559 seconds .

========================================================================
Received Import Request.
  Time since last request: 0.000282 seconds.
  path: Assets/Shaders/ToonRamp.mat
  artifactKey: Guid(34ab9ed8f07eea34f8509a540c48e960) Importer(815301076,1909f56bfc062723c751e8b465ee728b)
Start importing Assets/Shaders/ToonRamp.mat using Guid(34ab9ed8f07eea34f8509a540c48e960) Importer(815301076,1909f56bfc062723c751e8b465ee728b)  -> (artifact id: 'e8474be8d0468b9fe53b1ae557994595') in 0.011869 seconds 
  Import took 0.014500 seconds .

========================================================================
Received Import Request.
  Time since last request: 0.000243 seconds.
  path: Assets/Shaders/Stylized_Stone_Floor_005_basecolor.jpg
  artifactKey: Guid(3a4471b45edcc5c49a977c79ff07e6a0) Importer(815301076,1909f56bfc062723c751e8b465ee728b)
Start importing Assets/Shaders/Stylized_Stone_Floor_005_basecolor.jpg using Guid(3a4471b45edcc5c49a977c79ff07e6a0) Importer(815301076,1909f56bfc062723c751e8b465ee728b)  -> (artifact id: '62b9067af5e02131754e1cd84ebbdb15') in 0.012883 seconds 
  Import took 0.015178 seconds .

========================================================================
Received Import Request.
  Time since last request: 0.000326 seconds.
  path: Assets/Shaders/Stylized_Stone_Floor_005_ambientOcclusion.jpg
  artifactKey: Guid(8919db22c7c604f48bdbcbe1654cb027) Importer(815301076,1909f56bfc062723c751e8b465ee728b)
Start importing Assets/Shaders/Stylized_Stone_Floor_005_ambientOcclusion.jpg using Guid(8919db22c7c604f48bdbcbe1654cb027) Importer(815301076,1909f56bfc062723c751e8b465ee728b)  -> (artifact id: '2c4c3a38f29e39b2edac42a1036b7437') in 0.035998 seconds 
  Import took 0.038357 seconds .

========================================================================
Received Prepare
Registering precompiled user dll's ...
Registered in 0.003126 seconds.
Begin MonoManager ReloadAssembly
Native extension for WindowsStandalone target not found
Native extension for WebGL target not found
Refreshing native plugins compatible for Editor in 0.34 ms, found 2 plugins.
Preloading 0 native plugins for Editor in 0.00 ms.
Mono: successfully reloaded assembly
- Completed reload, in  0.832 seconds
Domain Reload Profiling:
	ReloadAssembly (832ms)
		BeginReloadAssembly (98ms)
			ExecutionOrderSort (0ms)
			DisableScriptedObjects (4ms)
			BackupInstance (0ms)
			ReleaseScriptingObjects (0ms)
			CreateAndSetChildDomain (28ms)
		EndReloadAssembly (679ms)
			LoadAssemblies (68ms)
			RebuildTransferFunctionScriptingTraits (0ms)
			SetupTypeCache (246ms)
			ReleaseScriptCaches (1ms)
			RebuildScriptCaches (34ms)
			SetupLoadedEditorAssemblies (238ms)
				LogAssemblyErrors (0ms)
				InitializePlatformSupportModulesInManaged (5ms)
				SetLoadedEditorAssemblies (0ms)
				RefreshPlugins (0ms)
				BeforeProcessingInitializeOnLoad (63ms)
				ProcessInitializeOnLoadAttributes (159ms)
				ProcessInitializeOnLoadMethodAttributes (6ms)
				AfterProcessingInitializeOnLoad (4ms)
				EditorAssembliesLoaded (0ms)
			ExecutionOrderSort2 (0ms)
			AwakeInstancesAfterBackupRestoration (6ms)
Platform modules already initialized, skipping
Shader 'Custom/SimpleSpecular': fallback shader 'Simple Specular' not found
Shader 'Custom/SimpleSpecular': fallback shader 'Simple Specular' not found
Refreshing native plugins compatible for Editor in 0.36 ms, found 2 plugins.
Preloading 0 native plugins for Editor in 0.00 ms.
Unloading 1545 Unused Serialized files (Serialized files now loaded: 0)
System memory in use before: 85.7 MB.
System memory in use after: 77.0 MB.

Unloading 51 unused Assets to reduce memory usage. Loaded Objects now: 1993.
Total: 6.337000 ms (FindLiveObjects: 0.128100 ms CreateObjectMapping: 0.053200 ms MarkObjects: 1.939500 ms  DeleteObjects: 4.215300 ms)

AssetImportParameters requested are different than current active one (requested -> active):
  custom:framework-win-MediaFoundation: 216162199b28c13a410421893ffa2e32 -> 
  custom:video-decoder-ogg-theora: a1e56fd34408186e4bbccfd4996cb3dc -> 
  custom:container-muxer-webm: aa71ff27fc2769a1b78a27578f13a17b -> 
  custom:container-demuxer-webm: 4f35f7cbe854078d1ac9338744f61a02 -> 
  custom:container-demuxer-ogg: 62fdf1f143b41e24485cea50d1cbac27 -> 
  custom:video-encoder-webm-vp8: eb34c28f22e8b96e1ab97ce403110664 -> 
  custom:video-codec-MediaFoundation-h265: 746d11721c4dcdbdad8f713fa42b33f4 -> 
  custom:video-decoder-webm-vp8: 9c59270c3fd7afecdb556c50c9e8de78 -> 
  custom:audio-decoder-ogg-vorbis: bf7c407c2cedff20999df2af8eb42d56 -> 
  custom:audio-encoder-webm-vorbis: bf7c407c2cedff20999df2af8eb42d56 -> 
========================================================================
Received Import Request.
  Time since last request: 4.138277 seconds.
  path: Assets/Shaders/MovementShader.compute
  artifactKey: Guid(07fa96663fee6214295f061f84e7df51) Importer(815301076,1909f56bfc062723c751e8b465ee728b)
Start importing Assets/Shaders/MovementShader.compute using Guid(07fa96663fee6214295f061f84e7df51) Importer(815301076,1909f56bfc062723c751e8b465ee728b)  -> (artifact id: '6a853d77760a66463d0b1cb981677286') in 0.017555 seconds 
  Import took 0.019929 seconds .

========================================================================
Received Import Request.
  Time since last request: 0.000182 seconds.
  path: Assets/Shaders/post-process-computer.compute
  artifactKey: Guid(90c0e40eba0e4664da1f34d3b4c7e218) Importer(815301076,1909f56bfc062723c751e8b465ee728b)
Start importing Assets/Shaders/post-process-computer.compute using Guid(90c0e40eba0e4664da1f34d3b4c7e218) Importer(815301076,1909f56bfc062723c751e8b465ee728b)  -> (artifact id: 'a19b459adbbcccf164fbe60ce903023e') in 0.007975 seconds 
  Import took 0.010753 seconds .

========================================================================
Received Import Request.
  Time since last request: 0.000165 seconds.
  path: Assets/Shaders/lines.png
  artifactKey: Guid(1c7dde62bcb7a0d42b0d33c3b1b8c731) Importer(815301076,1909f56bfc062723c751e8b465ee728b)
Start importing Assets/Shaders/lines.png using Guid(1c7dde62bcb7a0d42b0d33c3b1b8c731) Importer(815301076,1909f56bfc062723c751e8b465ee728b)  -> (artifact id: '402bca476b44ef7f1e76d8274792cfa5') in 0.038382 seconds 
  Import took 0.040856 seconds .

========================================================================
Received Import Request.
  Time since last request: 0.000321 seconds.
  path: Assets/Shaders/BLURMat.mat
  artifactKey: Guid(9d6db1e322e028c4f89cdb221dceb6f0) Importer(815301076,1909f56bfc062723c751e8b465ee728b)
Start importing Assets/Shaders/BLURMat.mat using Guid(9d6db1e322e028c4f89cdb221dceb6f0) Importer(815301076,1909f56bfc062723c751e8b465ee728b)  -> (artifact id: '8333c4d3139ebd6f452c45506812d7e4') in 0.224427 seconds 
  Import took 0.227040 seconds .

========================================================================
Received Import Request.
  Time since last request: 0.000300 seconds.
  path: Assets/Shaders/BasicComputeShader.compute
  artifactKey: Guid(bd483357af15a104db3b7e4370e576d4) Importer(815301076,1909f56bfc062723c751e8b465ee728b)
Start importing Assets/Shaders/BasicComputeShader.compute using Guid(bd483357af15a104db3b7e4370e576d4) Importer(815301076,1909f56bfc062723c751e8b465ee728b)  -> (artifact id: '99a3eb31dcb7e835f99388a3eb38d219') in 0.006854 seconds 
  Import took 0.009028 seconds .

========================================================================
Received Import Request.
  Time since last request: 0.000164 seconds.
  path: Assets/Shaders/ReflectionMat.mat
  artifactKey: Guid(454a9c30572da36459c680623e342db0) Importer(815301076,1909f56bfc062723c751e8b465ee728b)
Start importing Assets/Shaders/ReflectionMat.mat using Guid(454a9c30572da36459c680623e342db0) Importer(815301076,1909f56bfc062723c751e8b465ee728b)  -> (artifact id: '26a14fd14d3528b20cefcbe47cdf1772') in 0.015036 seconds 
  Import took 0.017263 seconds .

========================================================================
Received Import Request.
  Time since last request: 0.000212 seconds.
  path: Assets/Shaders/Reflection Texture.renderTexture
  artifactKey: Guid(b1461c54285be0a48a5464392c8ad460) Importer(815301076,1909f56bfc062723c751e8b465ee728b)
Start importing Assets/Shaders/Reflection Texture.renderTexture using Guid(b1461c54285be0a48a5464392c8ad460) Importer(815301076,1909f56bfc062723c751e8b465ee728b)  -> (artifact id: 'dec53d7ecfdba3312dfb4cb2221820db') in 0.047097 seconds 
  Import took 0.049642 seconds .

========================================================================
Received Import Request.
  Time since last request: 0.000223 seconds.
  path: Assets/Shaders/perlinCompute.compute
  artifactKey: Guid(220165190e78ba94aba76df2a7f64b15) Importer(815301076,1909f56bfc062723c751e8b465ee728b)
Start importing Assets/Shaders/perlinCompute.compute using Guid(220165190e78ba94aba76df2a7f64b15) Importer(815301076,1909f56bfc062723c751e8b465ee728b)  -> (artifact id: 'e59b188f4188aa6692aa4488f626bab1') in 0.006749 seconds 
  Import took 0.009317 seconds .

========================================================================
Received Import Request.
  Time since last request: 0.000246 seconds.
  path: Assets/Shaders/idontcare.mat
  artifactKey: Guid(5c4075af6e1f0634b8a7fff4206ba71d) Importer(815301076,1909f56bfc062723c751e8b465ee728b)
Start importing Assets/Shaders/idontcare.mat using Guid(5c4075af6e1f0634b8a7fff4206ba71d) Importer(815301076,1909f56bfc062723c751e8b465ee728b)  -> (artifact id: '7fe3e5e6b660c21bc8a1b87407cf822e') in 0.018338 seconds 
  Import took 0.021411 seconds .

========================================================================
Received Import Request.
  Time since last request: 0.000226 seconds.
  path: Assets/Shaders/checkerboard.png
  artifactKey: Guid(264badc883b9ae043b937f96337c64fc) Importer(815301076,1909f56bfc062723c751e8b465ee728b)
Start importing Assets/Shaders/checkerboard.png using Guid(264badc883b9ae043b937f96337c64fc) Importer(815301076,1909f56bfc062723c751e8b465ee728b)  -> (artifact id: '2cdf5fd313121a62bc22679f89674c4c') in 0.015509 seconds 
  Import took 0.018963 seconds .

========================================================================
Received Import Request.
  Time since last request: 0.000199 seconds.
  path: Assets/Shaders/monkey.obj
  artifactKey: Guid(4a7a145da9c9e024b927422d95b88b49) Importer(815301076,1909f56bfc062723c751e8b465ee728b)
Start importing Assets/Shaders/monkey.obj using Guid(4a7a145da9c9e024b927422d95b88b49) Importer(815301076,1909f56bfc062723c751e8b465ee728b)  -> (artifact id: '7a9327e548adfeb7c34c30b9f1253b0a') in 0.059267 seconds 
  Import took 0.061532 seconds .

========================================================================
Received Import Request.
  Time since last request: 0.000158 seconds.
  path: Assets/Shaders/Blur.compute
  artifactKey: Guid(4a1ff2f6b9005d846a3ae33d92a66ae4) Importer(815301076,1909f56bfc062723c751e8b465ee728b)
Start importing Assets/Shaders/Blur.compute using Guid(4a1ff2f6b9005d846a3ae33d92a66ae4) Importer(815301076,1909f56bfc062723c751e8b465ee728b)  -> (artifact id: 'e7d3121b8b44c957343126b745de2d6b') in 0.005928 seconds 
  Import took 0.008215 seconds .

========================================================================
Received Import Request.
  Time since last request: 0.000294 seconds.
  path: Assets/Shaders/MidtermToon.png
  artifactKey: Guid(2249c62859fd2d14ca85d0ddaa3e7548) Importer(815301076,1909f56bfc062723c751e8b465ee728b)
Start importing Assets/Shaders/MidtermToon.png using Guid(2249c62859fd2d14ca85d0ddaa3e7548) Importer(815301076,1909f56bfc062723c751e8b465ee728b)  -> (artifact id: '925f62e561aa7b10fa35a7277aa5d4c6') in 0.016626 seconds 
  Import took 0.019293 seconds .

========================================================================
Received Import Request.
  Time since last request: 41.797405 seconds.
  path: Assets/Shaders/ReflectionScript.shader
  artifactKey: Guid(25220ba8d6baaf845819d6ad05d46eef) Importer(815301076,1909f56bfc062723c751e8b465ee728b)
Start importing Assets/Shaders/ReflectionScript.shader using Guid(25220ba8d6baaf845819d6ad05d46eef) Importer(815301076,1909f56bfc062723c751e8b465ee728b)  -> (artifact id: 'd656f5d28220465267b856e04b00d088') in 0.008141 seconds 
  Import took 0.011221 seconds .

========================================================================
Received Import Request.
  Time since last request: 8.478994 seconds.
  path: Assets/Shaders/ReflectionScript.cs
  artifactKey: Guid(4b21611e1a75bec4da0e5e118bc72432) Importer(815301076,1909f56bfc062723c751e8b465ee728b)
Start importing Assets/Shaders/ReflectionScript.cs using Guid(4b21611e1a75bec4da0e5e118bc72432) Importer(815301076,1909f56bfc062723c751e8b465ee728b)  -> (artifact id: 'f9c373ef6f2acd86bbecad20b74757d8') in 0.010494 seconds 
  Import took 0.013178 seconds .

========================================================================
Received Import Request.
  Time since last request: 55.308586 seconds.
  path: Assets/Shaders/Bloom.shader
  artifactKey: Guid(ff81c097ed20f424698e865eae1c5781) Importer(815301076,1909f56bfc062723c751e8b465ee728b)
Start importing Assets/Shaders/Bloom.shader using Guid(ff81c097ed20f424698e865eae1c5781) Importer(815301076,1909f56bfc062723c751e8b465ee728b)  -> (artifact id: '9cfd3296a22bf68e6a37003bf88c1225') in 0.007877 seconds 
  Import took 0.010859 seconds .

AssetImportWorkerClient::OnTransportError - code=2 error=End of file
